mode: atomic
github.com/almiluk/sipacks/internal/usecase/parse_siq.go:44.83,46.16 2 1
github.com/almiluk/sipacks/internal/usecase/parse_siq.go:46.16,48.3 1 0
github.com/almiluk/sipacks/internal/usecase/parse_siq.go:50.2,50.38 1 1
github.com/almiluk/sipacks/internal/usecase/parse_siq.go:50.38,51.36 1 1
github.com/almiluk/sipacks/internal/usecase/parse_siq.go:51.36,53.18 2 1
github.com/almiluk/sipacks/internal/usecase/parse_siq.go:53.18,55.5 1 0
github.com/almiluk/sipacks/internal/usecase/parse_siq.go:57.4,58.18 2 1
github.com/almiluk/sipacks/internal/usecase/parse_siq.go:58.18,60.5 1 0
github.com/almiluk/sipacks/internal/usecase/parse_siq.go:62.4,63.64 2 1
github.com/almiluk/sipacks/internal/usecase/parse_siq.go:63.64,65.5 1 0
github.com/almiluk/sipacks/internal/usecase/parse_siq.go:67.4,74.49 2 1
github.com/almiluk/sipacks/internal/usecase/parse_siq.go:74.49,78.5 1 1
github.com/almiluk/sipacks/internal/usecase/parse_siq.go:80.4,80.41 1 1
github.com/almiluk/sipacks/internal/usecase/parse_siq.go:80.41,84.5 1 7
github.com/almiluk/sipacks/internal/usecase/parse_siq.go:86.4,88.19 2 1
github.com/almiluk/sipacks/internal/usecase/parse_siq.go:92.2,92.43 1 0
github.com/almiluk/sipacks/internal/usecase/usecase.go:18.66,20.16 2 0
github.com/almiluk/sipacks/internal/usecase/usecase.go:20.16,22.3 1 0
github.com/almiluk/sipacks/internal/usecase/usecase.go:24.2,24.90 1 0
github.com/almiluk/sipacks/internal/usecase/usecase.go:24.90,26.3 1 0
github.com/almiluk/sipacks/internal/usecase/usecase.go:28.2,31.8 1 0
github.com/almiluk/sipacks/internal/usecase/usecase.go:33.120,36.16 2 0
github.com/almiluk/sipacks/internal/usecase/usecase.go:36.16,38.3 1 0
github.com/almiluk/sipacks/internal/usecase/usecase.go:41.2,42.49 2 0
github.com/almiluk/sipacks/internal/usecase/usecase.go:42.49,44.3 1 0
github.com/almiluk/sipacks/internal/usecase/usecase.go:44.8,44.23 1 0
github.com/almiluk/sipacks/internal/usecase/usecase.go:44.23,46.3 1 0
github.com/almiluk/sipacks/internal/usecase/usecase.go:51.2,54.16 3 0
github.com/almiluk/sipacks/internal/usecase/usecase.go:54.16,56.3 1 0
github.com/almiluk/sipacks/internal/usecase/usecase.go:57.2,60.16 3 0
github.com/almiluk/sipacks/internal/usecase/usecase.go:60.16,62.3 1 0
github.com/almiluk/sipacks/internal/usecase/usecase.go:64.2,64.18 1 0
github.com/almiluk/sipacks/internal/usecase/usecase.go:67.101,69.16 2 0
github.com/almiluk/sipacks/internal/usecase/usecase.go:69.16,71.3 1 0
github.com/almiluk/sipacks/internal/usecase/usecase.go:73.2,73.19 1 0
github.com/almiluk/sipacks/internal/usecase/usecase.go:76.77,80.2 2 0
github.com/almiluk/sipacks/internal/usecase/usecase.go:82.87,84.2 1 0
github.com/almiluk/sipacks/internal/adapter/repo/postgres.go:19.76,21.16 2 1
github.com/almiluk/sipacks/internal/adapter/repo/postgres.go:21.16,23.3 1 1
github.com/almiluk/sipacks/internal/adapter/repo/postgres.go:25.2,27.8 1 0
github.com/almiluk/sipacks/internal/adapter/repo/postgres.go:30.79,33.16 2 0
github.com/almiluk/sipacks/internal/adapter/repo/postgres.go:33.16,35.3 1 0
github.com/almiluk/sipacks/internal/adapter/repo/postgres.go:36.2,40.35 3 0
github.com/almiluk/sipacks/internal/adapter/repo/postgres.go:40.35,42.17 2 0
github.com/almiluk/sipacks/internal/adapter/repo/postgres.go:42.17,44.4 1 0
github.com/almiluk/sipacks/internal/adapter/repo/postgres.go:45.8,45.23 1 0
github.com/almiluk/sipacks/internal/adapter/repo/postgres.go:45.23,47.3 1 0
github.com/almiluk/sipacks/internal/adapter/repo/postgres.go:47.8,49.3 1 0
github.com/almiluk/sipacks/internal/adapter/repo/postgres.go:52.2,52.32 1 0
github.com/almiluk/sipacks/internal/adapter/repo/postgres.go:52.32,54.36 2 0
github.com/almiluk/sipacks/internal/adapter/repo/postgres.go:54.36,56.18 2 0
github.com/almiluk/sipacks/internal/adapter/repo/postgres.go:56.18,58.5 1 0
github.com/almiluk/sipacks/internal/adapter/repo/postgres.go:59.9,59.24 1 0
github.com/almiluk/sipacks/internal/adapter/repo/postgres.go:59.24,61.4 1 0
github.com/almiluk/sipacks/internal/adapter/repo/postgres.go:61.9,63.4 1 0
github.com/almiluk/sipacks/internal/adapter/repo/postgres.go:67.2,73.16 2 0
github.com/almiluk/sipacks/internal/adapter/repo/postgres.go:73.16,75.3 1 0
github.com/almiluk/sipacks/internal/adapter/repo/postgres.go:77.2,80.53 3 0
github.com/almiluk/sipacks/internal/adapter/repo/postgres.go:80.53,82.3 1 0
github.com/almiluk/sipacks/internal/adapter/repo/postgres.go:82.8,82.23 1 0
github.com/almiluk/sipacks/internal/adapter/repo/postgres.go:82.23,84.3 1 0
github.com/almiluk/sipacks/internal/adapter/repo/postgres.go:86.2,86.16 1 0
github.com/almiluk/sipacks/internal/adapter/repo/postgres.go:86.16,88.3 1 0
github.com/almiluk/sipacks/internal/adapter/repo/postgres.go:91.2,92.32 2 0
github.com/almiluk/sipacks/internal/adapter/repo/postgres.go:92.32,94.3 1 0
github.com/almiluk/sipacks/internal/adapter/repo/postgres.go:96.2,102.16 2 0
github.com/almiluk/sipacks/internal/adapter/repo/postgres.go:102.16,104.3 1 0
github.com/almiluk/sipacks/internal/adapter/repo/postgres.go:106.2,106.38 1 0
github.com/almiluk/sipacks/internal/adapter/repo/postgres.go:106.38,108.3 1 0
github.com/almiluk/sipacks/internal/adapter/repo/postgres.go:110.2,110.12 1 0
github.com/almiluk/sipacks/internal/adapter/repo/postgres.go:113.104,115.16 2 0
github.com/almiluk/sipacks/internal/adapter/repo/postgres.go:115.16,117.3 1 0
github.com/almiluk/sipacks/internal/adapter/repo/postgres.go:118.2,125.24 3 0
github.com/almiluk/sipacks/internal/adapter/repo/postgres.go:125.24,127.3 1 0
github.com/almiluk/sipacks/internal/adapter/repo/postgres.go:129.2,129.26 1 0
github.com/almiluk/sipacks/internal/adapter/repo/postgres.go:129.26,131.3 1 0
github.com/almiluk/sipacks/internal/adapter/repo/postgres.go:133.2,133.35 1 0
github.com/almiluk/sipacks/internal/adapter/repo/postgres.go:133.35,135.3 1 0
github.com/almiluk/sipacks/internal/adapter/repo/postgres.go:137.2,137.35 1 0
github.com/almiluk/sipacks/internal/adapter/repo/postgres.go:137.35,139.3 1 0
github.com/almiluk/sipacks/internal/adapter/repo/postgres.go:141.2,141.48 1 0
github.com/almiluk/sipacks/internal/adapter/repo/postgres.go:141.48,147.3 1 0
github.com/almiluk/sipacks/internal/adapter/repo/postgres.go:149.2,149.9 1 0
github.com/almiluk/sipacks/internal/adapter/repo/postgres.go:150.52,151.39 1 0
github.com/almiluk/sipacks/internal/adapter/repo/postgres.go:152.41,153.55 1 0
github.com/almiluk/sipacks/internal/adapter/repo/postgres.go:154.41,155.55 1 0
github.com/almiluk/sipacks/internal/adapter/repo/postgres.go:158.2,159.16 2 0
github.com/almiluk/sipacks/internal/adapter/repo/postgres.go:159.16,161.3 1 0
github.com/almiluk/sipacks/internal/adapter/repo/postgres.go:163.2,164.16 2 0
github.com/almiluk/sipacks/internal/adapter/repo/postgres.go:164.16,166.3 1 0
github.com/almiluk/sipacks/internal/adapter/repo/postgres.go:167.2,171.18 4 0
github.com/almiluk/sipacks/internal/adapter/repo/postgres.go:171.18,177.17 2 0
github.com/almiluk/sipacks/internal/adapter/repo/postgres.go:177.17,179.4 1 0
github.com/almiluk/sipacks/internal/adapter/repo/postgres.go:181.3,181.30 1 0
github.com/almiluk/sipacks/internal/adapter/repo/postgres.go:184.2,184.23 1 0
github.com/almiluk/sipacks/internal/adapter/repo/postgres.go:184.23,186.17 2 0
github.com/almiluk/sipacks/internal/adapter/repo/postgres.go:186.17,188.4 1 0
github.com/almiluk/sipacks/internal/adapter/repo/postgres.go:191.2,191.38 1 0
github.com/almiluk/sipacks/internal/adapter/repo/postgres.go:191.38,193.3 1 0
github.com/almiluk/sipacks/internal/adapter/repo/postgres.go:195.2,195.19 1 0
github.com/almiluk/sipacks/internal/adapter/repo/postgres.go:198.107,200.16 2 0
github.com/almiluk/sipacks/internal/adapter/repo/postgres.go:200.16,202.3 1 0
github.com/almiluk/sipacks/internal/adapter/repo/postgres.go:204.2,209.20 4 0
github.com/almiluk/sipacks/internal/adapter/repo/postgres.go:212.96,214.16 2 0
github.com/almiluk/sipacks/internal/adapter/repo/postgres.go:214.16,216.3 1 0
github.com/almiluk/sipacks/internal/adapter/repo/postgres.go:218.2,219.16 2 0
github.com/almiluk/sipacks/internal/adapter/repo/postgres.go:219.16,221.3 1 0
github.com/almiluk/sipacks/internal/adapter/repo/postgres.go:223.2,223.12 1 0
github.com/almiluk/sipacks/internal/adapter/repo/postgres.go:226.97,228.16 2 0
github.com/almiluk/sipacks/internal/adapter/repo/postgres.go:228.16,230.3 1 0
github.com/almiluk/sipacks/internal/adapter/repo/postgres.go:232.2,236.17 4 0
github.com/almiluk/sipacks/internal/adapter/repo/postgres.go:239.87,241.16 2 0
github.com/almiluk/sipacks/internal/adapter/repo/postgres.go:241.16,243.3 1 0
github.com/almiluk/sipacks/internal/adapter/repo/postgres.go:245.2,246.16 2 0
github.com/almiluk/sipacks/internal/adapter/repo/postgres.go:246.16,248.3 1 0
github.com/almiluk/sipacks/internal/adapter/repo/postgres.go:250.2,250.12 1 0
github.com/almiluk/sipacks/internal/adapter/repo/postgres.go:253.102,259.16 2 0
github.com/almiluk/sipacks/internal/adapter/repo/postgres.go:259.16,261.3 1 0
github.com/almiluk/sipacks/internal/adapter/repo/postgres.go:263.2,264.16 2 0
github.com/almiluk/sipacks/internal/adapter/repo/postgres.go:264.16,266.3 1 0
github.com/almiluk/sipacks/internal/adapter/repo/postgres.go:267.2,271.31 4 0
github.com/almiluk/sipacks/internal/adapter/repo/postgres.go:271.31,273.17 2 0
github.com/almiluk/sipacks/internal/adapter/repo/postgres.go:273.17,275.4 1 0
github.com/almiluk/sipacks/internal/adapter/repo/postgres.go:277.3,277.27 1 0
github.com/almiluk/sipacks/internal/adapter/repo/postgres.go:280.2,280.18 1 0
github.com/almiluk/sipacks/internal/adapter/repo/postgres.go:283.90,288.16 2 0
github.com/almiluk/sipacks/internal/adapter/repo/postgres.go:288.16,290.3 1 0
github.com/almiluk/sipacks/internal/adapter/repo/postgres.go:292.2,293.16 2 0
github.com/almiluk/sipacks/internal/adapter/repo/postgres.go:293.16,295.3 1 0
github.com/almiluk/sipacks/internal/adapter/repo/postgres.go:297.2,297.12 1 0
