mode: atomic
github.com/almiluk/sipacks/internal/usecase/parse_siq.go:40.83,42.16 2 1
github.com/almiluk/sipacks/internal/usecase/parse_siq.go:42.16,44.3 1 0
github.com/almiluk/sipacks/internal/usecase/parse_siq.go:46.2,46.38 1 1
github.com/almiluk/sipacks/internal/usecase/parse_siq.go:46.38,47.36 1 1
github.com/almiluk/sipacks/internal/usecase/parse_siq.go:47.36,49.18 2 1
github.com/almiluk/sipacks/internal/usecase/parse_siq.go:49.18,51.5 1 0
github.com/almiluk/sipacks/internal/usecase/parse_siq.go:53.4,54.18 2 1
github.com/almiluk/sipacks/internal/usecase/parse_siq.go:54.18,56.5 1 0
github.com/almiluk/sipacks/internal/usecase/parse_siq.go:58.4,59.65 2 1
github.com/almiluk/sipacks/internal/usecase/parse_siq.go:59.65,61.5 1 0
github.com/almiluk/sipacks/internal/usecase/parse_siq.go:62.4,69.49 2 1
github.com/almiluk/sipacks/internal/usecase/parse_siq.go:69.49,73.5 1 1
github.com/almiluk/sipacks/internal/usecase/parse_siq.go:75.4,75.41 1 1
github.com/almiluk/sipacks/internal/usecase/parse_siq.go:75.41,79.5 1 7
github.com/almiluk/sipacks/internal/usecase/parse_siq.go:81.4,83.19 2 1
github.com/almiluk/sipacks/internal/usecase/parse_siq.go:87.2,87.88 1 0
github.com/almiluk/sipacks/internal/usecase/sipacks.go:18.66,20.16 2 0
github.com/almiluk/sipacks/internal/usecase/sipacks.go:20.16,22.3 1 0
github.com/almiluk/sipacks/internal/usecase/sipacks.go:24.2,24.90 1 0
github.com/almiluk/sipacks/internal/usecase/sipacks.go:24.90,26.3 1 0
github.com/almiluk/sipacks/internal/usecase/sipacks.go:28.2,31.8 1 0
github.com/almiluk/sipacks/internal/usecase/sipacks.go:33.120,36.16 2 0
github.com/almiluk/sipacks/internal/usecase/sipacks.go:36.16,38.3 1 0
github.com/almiluk/sipacks/internal/usecase/sipacks.go:41.2,42.49 2 0
github.com/almiluk/sipacks/internal/usecase/sipacks.go:42.49,44.3 1 0
github.com/almiluk/sipacks/internal/usecase/sipacks.go:44.8,44.23 1 0
github.com/almiluk/sipacks/internal/usecase/sipacks.go:44.23,46.3 1 0
github.com/almiluk/sipacks/internal/usecase/sipacks.go:51.2,53.16 3 0
github.com/almiluk/sipacks/internal/usecase/sipacks.go:53.16,55.3 1 0
github.com/almiluk/sipacks/internal/usecase/sipacks.go:56.2,59.16 3 0
github.com/almiluk/sipacks/internal/usecase/sipacks.go:59.16,61.3 1 0
github.com/almiluk/sipacks/internal/usecase/sipacks.go:63.2,63.18 1 0
github.com/almiluk/sipacks/internal/usecase/sipacks.go:66.101,68.16 2 0
github.com/almiluk/sipacks/internal/usecase/sipacks.go:68.16,70.3 1 0
github.com/almiluk/sipacks/internal/usecase/sipacks.go:72.2,72.19 1 0
github.com/almiluk/sipacks/internal/usecase/sipacks.go:75.79,78.2 2 0
github.com/almiluk/sipacks/internal/usecase/sipacks.go:80.87,82.2 1 0
github.com/almiluk/sipacks/internal/adapter/repo/postgres.go:19.76,21.16 2 1
github.com/almiluk/sipacks/internal/adapter/repo/postgres.go:21.16,23.3 1 1
github.com/almiluk/sipacks/internal/adapter/repo/postgres.go:24.2,26.8 1 0
github.com/almiluk/sipacks/internal/adapter/repo/postgres.go:29.79,32.16 2 0
github.com/almiluk/sipacks/internal/adapter/repo/postgres.go:32.16,34.3 1 0
github.com/almiluk/sipacks/internal/adapter/repo/postgres.go:35.2,39.35 3 0
github.com/almiluk/sipacks/internal/adapter/repo/postgres.go:39.35,41.17 2 0
github.com/almiluk/sipacks/internal/adapter/repo/postgres.go:41.17,43.4 1 0
github.com/almiluk/sipacks/internal/adapter/repo/postgres.go:44.8,44.23 1 0
github.com/almiluk/sipacks/internal/adapter/repo/postgres.go:44.23,46.3 1 0
github.com/almiluk/sipacks/internal/adapter/repo/postgres.go:46.8,48.3 1 0
github.com/almiluk/sipacks/internal/adapter/repo/postgres.go:51.2,51.32 1 0
github.com/almiluk/sipacks/internal/adapter/repo/postgres.go:51.32,53.36 2 0
github.com/almiluk/sipacks/internal/adapter/repo/postgres.go:53.36,55.18 2 0
github.com/almiluk/sipacks/internal/adapter/repo/postgres.go:55.18,57.5 1 0
github.com/almiluk/sipacks/internal/adapter/repo/postgres.go:58.9,58.24 1 0
github.com/almiluk/sipacks/internal/adapter/repo/postgres.go:58.24,60.4 1 0
github.com/almiluk/sipacks/internal/adapter/repo/postgres.go:60.9,62.4 1 0
github.com/almiluk/sipacks/internal/adapter/repo/postgres.go:66.2,72.16 2 0
github.com/almiluk/sipacks/internal/adapter/repo/postgres.go:72.16,74.3 1 0
github.com/almiluk/sipacks/internal/adapter/repo/postgres.go:76.2,78.53 3 0
github.com/almiluk/sipacks/internal/adapter/repo/postgres.go:78.53,80.3 1 0
github.com/almiluk/sipacks/internal/adapter/repo/postgres.go:80.8,80.23 1 0
github.com/almiluk/sipacks/internal/adapter/repo/postgres.go:80.23,82.3 1 0
github.com/almiluk/sipacks/internal/adapter/repo/postgres.go:84.2,84.16 1 0
github.com/almiluk/sipacks/internal/adapter/repo/postgres.go:84.16,86.3 1 0
github.com/almiluk/sipacks/internal/adapter/repo/postgres.go:89.2,90.32 2 0
github.com/almiluk/sipacks/internal/adapter/repo/postgres.go:90.32,92.3 1 0
github.com/almiluk/sipacks/internal/adapter/repo/postgres.go:94.2,100.16 2 0
github.com/almiluk/sipacks/internal/adapter/repo/postgres.go:100.16,102.3 1 0
github.com/almiluk/sipacks/internal/adapter/repo/postgres.go:103.2,103.46 1 0
github.com/almiluk/sipacks/internal/adapter/repo/postgres.go:103.46,105.3 1 0
github.com/almiluk/sipacks/internal/adapter/repo/postgres.go:107.2,109.12 2 0
github.com/almiluk/sipacks/internal/adapter/repo/postgres.go:112.104,114.16 2 0
github.com/almiluk/sipacks/internal/adapter/repo/postgres.go:114.16,116.3 1 0
github.com/almiluk/sipacks/internal/adapter/repo/postgres.go:117.2,124.24 3 0
github.com/almiluk/sipacks/internal/adapter/repo/postgres.go:124.24,126.3 1 0
github.com/almiluk/sipacks/internal/adapter/repo/postgres.go:127.2,127.26 1 0
github.com/almiluk/sipacks/internal/adapter/repo/postgres.go:127.26,129.3 1 0
github.com/almiluk/sipacks/internal/adapter/repo/postgres.go:130.2,130.35 1 0
github.com/almiluk/sipacks/internal/adapter/repo/postgres.go:130.35,132.3 1 0
github.com/almiluk/sipacks/internal/adapter/repo/postgres.go:133.2,133.35 1 0
github.com/almiluk/sipacks/internal/adapter/repo/postgres.go:133.35,135.3 1 0
github.com/almiluk/sipacks/internal/adapter/repo/postgres.go:137.2,137.48 1 0
github.com/almiluk/sipacks/internal/adapter/repo/postgres.go:137.48,143.3 1 0
github.com/almiluk/sipacks/internal/adapter/repo/postgres.go:145.2,145.50 1 0
github.com/almiluk/sipacks/internal/adapter/repo/postgres.go:145.50,147.3 1 0
github.com/almiluk/sipacks/internal/adapter/repo/postgres.go:147.8,147.46 1 0
github.com/almiluk/sipacks/internal/adapter/repo/postgres.go:147.46,149.3 1 0
github.com/almiluk/sipacks/internal/adapter/repo/postgres.go:149.8,149.46 1 0
github.com/almiluk/sipacks/internal/adapter/repo/postgres.go:149.46,151.3 1 0
github.com/almiluk/sipacks/internal/adapter/repo/postgres.go:153.2,154.16 2 0
github.com/almiluk/sipacks/internal/adapter/repo/postgres.go:154.16,156.3 1 0
github.com/almiluk/sipacks/internal/adapter/repo/postgres.go:158.2,159.16 2 0
github.com/almiluk/sipacks/internal/adapter/repo/postgres.go:159.16,161.3 1 0
github.com/almiluk/sipacks/internal/adapter/repo/postgres.go:162.2,166.18 4 0
github.com/almiluk/sipacks/internal/adapter/repo/postgres.go:166.18,172.17 2 0
github.com/almiluk/sipacks/internal/adapter/repo/postgres.go:172.17,174.4 1 0
github.com/almiluk/sipacks/internal/adapter/repo/postgres.go:176.3,176.30 1 0
github.com/almiluk/sipacks/internal/adapter/repo/postgres.go:179.2,179.23 1 0
github.com/almiluk/sipacks/internal/adapter/repo/postgres.go:179.23,181.17 2 0
github.com/almiluk/sipacks/internal/adapter/repo/postgres.go:181.17,183.4 1 0
github.com/almiluk/sipacks/internal/adapter/repo/postgres.go:186.2,188.19 2 0
github.com/almiluk/sipacks/internal/adapter/repo/postgres.go:191.107,193.16 2 0
github.com/almiluk/sipacks/internal/adapter/repo/postgres.go:193.16,195.3 1 0
github.com/almiluk/sipacks/internal/adapter/repo/postgres.go:197.2,200.20 4 0
github.com/almiluk/sipacks/internal/adapter/repo/postgres.go:203.96,205.16 2 0
github.com/almiluk/sipacks/internal/adapter/repo/postgres.go:205.16,207.3 1 0
github.com/almiluk/sipacks/internal/adapter/repo/postgres.go:209.2,210.16 2 0
github.com/almiluk/sipacks/internal/adapter/repo/postgres.go:210.16,212.3 1 0
github.com/almiluk/sipacks/internal/adapter/repo/postgres.go:213.2,213.12 1 0
github.com/almiluk/sipacks/internal/adapter/repo/postgres.go:216.97,218.16 2 0
github.com/almiluk/sipacks/internal/adapter/repo/postgres.go:218.16,220.3 1 0
github.com/almiluk/sipacks/internal/adapter/repo/postgres.go:222.2,225.17 4 0
github.com/almiluk/sipacks/internal/adapter/repo/postgres.go:228.87,230.16 2 0
github.com/almiluk/sipacks/internal/adapter/repo/postgres.go:230.16,232.3 1 0
github.com/almiluk/sipacks/internal/adapter/repo/postgres.go:234.2,235.16 2 0
github.com/almiluk/sipacks/internal/adapter/repo/postgres.go:235.16,237.3 1 0
github.com/almiluk/sipacks/internal/adapter/repo/postgres.go:238.2,238.12 1 0
github.com/almiluk/sipacks/internal/adapter/repo/postgres.go:241.102,247.16 2 0
github.com/almiluk/sipacks/internal/adapter/repo/postgres.go:247.16,249.3 1 0
github.com/almiluk/sipacks/internal/adapter/repo/postgres.go:251.2,252.16 2 0
github.com/almiluk/sipacks/internal/adapter/repo/postgres.go:252.16,254.3 1 0
github.com/almiluk/sipacks/internal/adapter/repo/postgres.go:255.2,259.31 4 0
github.com/almiluk/sipacks/internal/adapter/repo/postgres.go:259.31,261.17 2 0
github.com/almiluk/sipacks/internal/adapter/repo/postgres.go:261.17,263.4 1 0
github.com/almiluk/sipacks/internal/adapter/repo/postgres.go:264.3,264.27 1 0
github.com/almiluk/sipacks/internal/adapter/repo/postgres.go:267.2,267.18 1 0
github.com/almiluk/sipacks/internal/adapter/repo/postgres.go:270.90,275.16 2 0
github.com/almiluk/sipacks/internal/adapter/repo/postgres.go:275.16,277.3 1 0
github.com/almiluk/sipacks/internal/adapter/repo/postgres.go:279.2,280.16 2 0
github.com/almiluk/sipacks/internal/adapter/repo/postgres.go:280.16,282.3 1 0
github.com/almiluk/sipacks/internal/adapter/repo/postgres.go:284.2,284.12 1 0
